UNDERFLOW
signal     m100p0_m3p14159265359_4e  $44.05558^{+0.00000}_{-0.00000}$
qqzz       m100p0_m3p14159265359_4e  $69.23746^{+0.00000}_{-0.00000}$
ggzz       m100p0_m3p14159265359_4e  $9.13251^{+0.00000}_{-0.00000}$
zjets      m100p0_m3p14159265359_4e  $3.06565^{+0.00000}_{-0.00000}$
background m100p0_m3p14159265359_4e  $81.43562^{+0.00000}_{-0.00000}$
total      m100p0_m3p14159265359_4e  $126.05719^{+0.00000}_{-0.00000}$
signal     m100p0_m3p14159265359_4mu  $106.03648^{+0.00000}_{-0.00000}$
qqzz       m100p0_m3p14159265359_4mu  $185.11881^{+0.00000}_{-0.00000}$
ggzz       m100p0_m3p14159265359_4mu  $21.49361^{+0.00000}_{-0.00000}$
zjets      m100p0_m3p14159265359_4mu  $25.32097^{+0.00000}_{-0.00000}$
background m100p0_m3p14159265359_4mu  $231.93339^{+0.00000}_{-0.00000}$
total      m100p0_m3p14159265359_4mu  $338.47042^{+0.00000}_{-0.00000}$
signal     m100p0_m3p14159265359_2e2mu  $123.49584^{+0.00000}_{-0.00000}$
qqzz       m100p0_m3p14159265359_2e2mu  $212.63548^{+0.00000}_{-0.00000}$
ggzz       m100p0_m3p14159265359_2e2mu  $20.68485^{+0.00000}_{-0.00000}$
zjets      m100p0_m3p14159265359_2e2mu  $21.51672^{+0.00000}_{-0.00000}$
background m100p0_m3p14159265359_2e2mu  $254.83705^{+0.00000}_{-0.00000}$
total      m100p0_m3p14159265359_2e2mu  $378.93090^{+0.00000}_{-0.00000}$

MINUSPITOMINUSHALFPI
signal     m3p14159265359_m1p5707963267948966_cat4e  $1.01900^{+0.00000}_{-0.00000}$
qqzz       m3p14159265359_m1p5707963267948966_cat4e  $1.18800^{+0.00000}_{-0.00000}$
ggzz       m3p14159265359_m1p5707963267948966_cat4e  $0.16640^{+0.00000}_{-0.00000}$
zjets      m3p14159265359_m1p5707963267948966_cat4e  $4.62873^{+0.00000}_{-0.00000}$
background m3p14159265359_m1p5707963267948966_cat4e  $5.98314^{+0.00000}_{-0.00000}$
total      m3p14159265359_m1p5707963267948966_cat4e  $7.04255^{+0.00000}_{-0.00000}$
signal     m3p14159265359_m1p5707963267948966_cat4mu  $2.44925^{+0.00000}_{-0.00000}$
qqzz       m3p14159265359_m1p5707963267948966_cat4mu  $2.83467^{+0.00000}_{-0.00000}$
ggzz       m3p14159265359_m1p5707963267948966_cat4mu  $0.32326^{+0.00000}_{-0.00000}$
zjets      m3p14159265359_m1p5707963267948966_cat4mu  $16.72292^{+0.00000}_{-0.00000}$
background m3p14159265359_m1p5707963267948966_cat4mu  $19.88085^{+0.00000}_{-0.00000}$
total      m3p14159265359_m1p5707963267948966_cat4mu  $22.36042^{+0.00000}_{-0.00000}$
signal     m3p14159265359_m1p5707963267948966_cat2e2mu  $2.78317^{+0.00000}_{-0.00000}$
qqzz       m3p14159265359_m1p5707963267948966_cat2e2mu  $3.03352^{+0.00000}_{-0.00000}$
ggzz       m3p14159265359_m1p5707963267948966_cat2e2mu  $0.40837^{+0.00000}_{-0.00000}$
zjets      m3p14159265359_m1p5707963267948966_cat2e2mu  $19.44615^{+0.00000}_{-0.00000}$
background m3p14159265359_m1p5707963267948966_cat2e2mu  $22.88805^{+0.00000}_{-0.00000}$
total      m3p14159265359_m1p5707963267948966_cat2e2mu  $25.71096^{+0.00000}_{-0.00000}$

MINUSHALFPITOZERO
signal     m1p5707963267948966_0p0_cat4e  $1.77614^{+0.00000}_{-0.00000}$
qqzz       m1p5707963267948966_0p0_cat4e  $0.97840^{+0.00000}_{-0.00000}$
ggzz       m1p5707963267948966_0p0_cat4e  $0.15081^{+0.00000}_{-0.00000}$
zjets      m1p5707963267948966_0p0_cat4e  $0.98309^{+0.00000}_{-0.00000}$
background m1p5707963267948966_0p0_cat4e  $2.11229^{+0.00000}_{-0.00000}$
total      m1p5707963267948966_0p0_cat4e  $3.92078^{+0.00000}_{-0.00000}$
signal     m1p5707963267948966_0p0_cat4mu  $4.02653^{+0.00000}_{-0.00000}$
qqzz       m1p5707963267948966_0p0_cat4mu  $2.47681^{+0.00000}_{-0.00000}$
ggzz       m1p5707963267948966_0p0_cat4mu  $0.29457^{+0.00000}_{-0.00000}$
zjets      m1p5707963267948966_0p0_cat4mu  $3.61484^{+0.00000}_{-0.00000}$
background m1p5707963267948966_0p0_cat4mu  $6.38623^{+0.00000}_{-0.00000}$
total      m1p5707963267948966_0p0_cat4mu  $10.43334^{+0.00000}_{-0.00000}$
signal     m1p5707963267948966_0p0_cat2e2mu  $4.71740^{+0.00000}_{-0.00000}$
qqzz       m1p5707963267948966_0p0_cat2e2mu  $2.55418^{+0.00000}_{-0.00000}$
ggzz       m1p5707963267948966_0p0_cat2e2mu  $0.36789^{+0.00000}_{-0.00000}$
zjets      m1p5707963267948966_0p0_cat2e2mu  $4.99675^{+0.00000}_{-0.00000}$
background m1p5707963267948966_0p0_cat2e2mu  $7.91882^{+0.00000}_{-0.00000}$
total      m1p5707963267948966_0p0_cat2e2mu  $12.66941^{+0.00000}_{-0.00000}$

ZEROTOHALFPI
signal     0p0_1p5707963267948966_cat4e  $1.36935^{+0.00000}_{-0.00000}$
qqzz       0p0_1p5707963267948966_cat4e  $0.96135^{+0.00000}_{-0.00000}$
ggzz       0p0_1p5707963267948966_cat4e  $0.16682^{+0.00000}_{-0.00000}$
zjets      0p0_1p5707963267948966_cat4e  $1.03013^{+0.00000}_{-0.00000}$
background 0p0_1p5707963267948966_cat4e  $2.15830^{+0.00000}_{-0.00000}$
total      0p0_1p5707963267948966_cat4e  $3.56400^{+0.00000}_{-0.00000}$
signal     0p0_1p5707963267948966_cat4mu  $3.00880^{+0.00000}_{-0.00000}$
qqzz       0p0_1p5707963267948966_cat4mu  $2.48834^{+0.00000}_{-0.00000}$
ggzz       0p0_1p5707963267948966_cat4mu  $0.28032^{+0.00000}_{-0.00000}$
zjets      0p0_1p5707963267948966_cat4mu  $3.24234^{+0.00000}_{-0.00000}$
background 0p0_1p5707963267948966_cat4mu  $6.01100^{+0.00000}_{-0.00000}$
total      0p0_1p5707963267948966_cat4mu  $9.04597^{+0.00000}_{-0.00000}$
signal     0p0_1p5707963267948966_cat2e2mu  $3.64711^{+0.00000}_{-0.00000}$
qqzz       0p0_1p5707963267948966_cat2e2mu  $2.56130^{+0.00000}_{-0.00000}$
ggzz       0p0_1p5707963267948966_cat2e2mu  $0.33695^{+0.00000}_{-0.00000}$
zjets      0p0_1p5707963267948966_cat2e2mu  $4.75591^{+0.00000}_{-0.00000}$
background 0p0_1p5707963267948966_cat2e2mu  $7.65417^{+0.00000}_{-0.00000}$
total      0p0_1p5707963267948966_cat2e2mu  $11.33251^{+0.00000}_{-0.00000}$

HALFPITOPI
signal     1p5707963267948966_3p14159265359_cat4e  $1.31417^{+0.00000}_{-0.00000}$
qqzz       1p5707963267948966_3p14159265359_cat4e  $1.16085^{+0.00000}_{-0.00000}$
ggzz       1p5707963267948966_3p14159265359_cat4e  $0.19511^{+0.00000}_{-0.00000}$
zjets      1p5707963267948966_3p14159265359_cat4e  $4.57264^{+0.00000}_{-0.00000}$
background 1p5707963267948966_3p14159265359_cat4e  $5.92860^{+0.00000}_{-0.00000}$
total      1p5707963267948966_3p14159265359_cat4e  $7.28221^{+0.00000}_{-0.00000}$
signal     1p5707963267948966_3p14159265359_cat4mu  $3.12414^{+0.00000}_{-0.00000}$
qqzz       1p5707963267948966_3p14159265359_cat4mu  $2.89482^{+0.00000}_{-0.00000}$
ggzz       1p5707963267948966_3p14159265359_cat4mu  $0.39542^{+0.00000}_{-0.00000}$
zjets      1p5707963267948966_3p14159265359_cat4mu  $17.58948^{+0.00000}_{-0.00000}$
background 1p5707963267948966_3p14159265359_cat4mu  $20.87972^{+0.00000}_{-0.00000}$
total      1p5707963267948966_3p14159265359_cat4mu  $24.03559^{+0.00000}_{-0.00000}$
signal     1p5707963267948966_3p14159265359_cat2e2mu  $3.65822^{+0.00000}_{-0.00000}$
qqzz       1p5707963267948966_3p14159265359_cat2e2mu  $3.16308^{+0.00000}_{-0.00000}$
ggzz       1p5707963267948966_3p14159265359_cat2e2mu  $0.41866^{+0.00000}_{-0.00000}$
zjets      1p5707963267948966_3p14159265359_cat2e2mu  $20.16615^{+0.00000}_{-0.00000}$
background 1p5707963267948966_3p14159265359_cat2e2mu  $23.74789^{+0.00000}_{-0.00000}$
total      1p5707963267948966_3p14159265359_cat2e2mu  $27.44303^{+0.00000}_{-0.00000}$
