UNDERFLOW
signal     m100p0_m3p14159265359_4e  $40.66212^{+0.00000}_{-0.00000}$
qqzz       m100p0_m3p14159265359_4e  $64.93775^{+0.00000}_{-0.00000}$
ggzz       m100p0_m3p14159265359_4e  $8.65429^{+0.00000}_{-0.00000}$
zjets      m100p0_m3p14159265359_4e  $26.58419^{+0.00000}_{-0.00000}$
background m100p0_m3p14159265359_4e  $100.17623^{+0.00000}_{-0.00000}$
total      m100p0_m3p14159265359_4e  $141.41908^{+0.00000}_{-0.00000}$
signal     m100p0_m3p14159265359_4mu  $102.58230^{+0.00000}_{-0.00000}$
qqzz       m100p0_m3p14159265359_4mu  $182.91819^{+0.00000}_{-0.00000}$
ggzz       m100p0_m3p14159265359_4mu  $21.39400^{+0.00000}_{-0.00000}$
zjets      m100p0_m3p14159265359_4mu  $42.09328^{+0.00000}_{-0.00000}$
background m100p0_m3p14159265359_4mu  $246.40546^{+0.00000}_{-0.00000}$
total      m100p0_m3p14159265359_4mu  $349.51265^{+0.00000}_{-0.00000}$
signal     m100p0_m3p14159265359_2e2mu  $115.87868^{+0.00000}_{-0.00000}$
qqzz       m100p0_m3p14159265359_2e2mu  $203.12740^{+0.00000}_{-0.00000}$
ggzz       m100p0_m3p14159265359_2e2mu  $20.01367^{+0.00000}_{-0.00000}$
zjets      m100p0_m3p14159265359_2e2mu  $47.51947^{+0.00000}_{-0.00000}$
background m100p0_m3p14159265359_2e2mu  $270.66054^{+0.00000}_{-0.00000}$
total      m100p0_m3p14159265359_2e2mu  $387.15210^{+0.00000}_{-0.00000}$

MINUSPITOMINUSHALFPI
signal     m3p14159265359_m1p5707963267948966_cat4e  $2.28485^{+0.00000}_{-0.00000}$
qqzz       m3p14159265359_m1p5707963267948966_cat4e  $1.26888^{+0.00000}_{-0.00000}$
ggzz       m3p14159265359_m1p5707963267948966_cat4e  $0.18601^{+0.00000}_{-0.00000}$
zjets      m3p14159265359_m1p5707963267948966_cat4e  $2.23824^{+0.00000}_{-0.00000}$
background m3p14159265359_m1p5707963267948966_cat4e  $3.69313^{+0.00000}_{-0.00000}$
total      m3p14159265359_m1p5707963267948966_cat4e  $6.02498^{+0.00000}_{-0.00000}$
signal     m3p14159265359_m1p5707963267948966_cat4mu  $5.49745^{+0.00000}_{-0.00000}$
qqzz       m3p14159265359_m1p5707963267948966_cat4mu  $3.41210^{+0.00000}_{-0.00000}$
ggzz       m3p14159265359_m1p5707963267948966_cat4mu  $0.43726^{+0.00000}_{-0.00000}$
zjets      m3p14159265359_m1p5707963267948966_cat4mu  $3.70653^{+0.00000}_{-0.00000}$
background m3p14159265359_m1p5707963267948966_cat4mu  $7.55589^{+0.00000}_{-0.00000}$
total      m3p14159265359_m1p5707963267948966_cat4mu  $13.08900^{+0.00000}_{-0.00000}$
signal     m3p14159265359_m1p5707963267948966_cat2e2mu  $6.27433^{+0.00000}_{-0.00000}$
qqzz       m3p14159265359_m1p5707963267948966_cat2e2mu  $3.65645^{+0.00000}_{-0.00000}$
ggzz       m3p14159265359_m1p5707963267948966_cat2e2mu  $0.50871^{+0.00000}_{-0.00000}$
zjets      m3p14159265359_m1p5707963267948966_cat2e2mu  $4.21824^{+0.00000}_{-0.00000}$
background m3p14159265359_m1p5707963267948966_cat2e2mu  $8.38340^{+0.00000}_{-0.00000}$
total      m3p14159265359_m1p5707963267948966_cat2e2mu  $14.70361^{+0.00000}_{-0.00000}$


MINUSHALFPITOZERO
signal     m1p5707963267948966_0p0_cat4e  $2.15746^{+0.00000}_{-0.00000}$
qqzz       m1p5707963267948966_0p0_cat4e  $1.08526^{+0.00000}_{-0.00000}$
ggzz       m1p5707963267948966_0p0_cat4e  $0.15716^{+0.00000}_{-0.00000}$
zjets      m1p5707963267948966_0p0_cat4e  $0.47606^{+0.00000}_{-0.00000}$
background m1p5707963267948966_0p0_cat4e  $1.71848^{+0.00000}_{-0.00000}$
total      m1p5707963267948966_0p0_cat4e  $3.91669^{+0.00000}_{-0.00000}$
signal     m1p5707963267948966_0p0_cat4mu  $4.90699^{+0.00000}_{-0.00000}$
qqzz       m1p5707963267948966_0p0_cat4mu  $2.97037^{+0.00000}_{-0.00000}$
ggzz       m1p5707963267948966_0p0_cat4mu  $0.38975^{+0.00000}_{-0.00000}$
zjets      m1p5707963267948966_0p0_cat4mu  $0.77791^{+0.00000}_{-0.00000}$
background m1p5707963267948966_0p0_cat4mu  $4.13803^{+0.00000}_{-0.00000}$
total      m1p5707963267948966_0p0_cat4mu  $9.06943^{+0.00000}_{-0.00000}$
signal     m1p5707963267948966_0p0_cat2e2mu  $5.51800^{+0.00000}_{-0.00000}$
qqzz       m1p5707963267948966_0p0_cat2e2mu  $2.95503^{+0.00000}_{-0.00000}$
ggzz       m1p5707963267948966_0p0_cat2e2mu  $0.41259^{+0.00000}_{-0.00000}$
zjets      m1p5707963267948966_0p0_cat2e2mu  $0.88328^{+0.00000}_{-0.00000}$
background m1p5707963267948966_0p0_cat2e2mu  $4.25090^{+0.00000}_{-0.00000}$
total      m1p5707963267948966_0p0_cat2e2mu  $9.80745^{+0.00000}_{-0.00000}$

ZEROTOHALFPI
signal     0p0_1p5707963267948966_cat4e  $1.51784^{+0.00000}_{-0.00000}$
qqzz       0p0_1p5707963267948966_cat4e  $1.01917^{+0.00000}_{-0.00000}$
ggzz       0p0_1p5707963267948966_cat4e  $0.13490^{+0.00000}_{-0.00000}$
zjets      0p0_1p5707963267948966_cat4e  $0.44364^{+0.00000}_{-0.00000}$
background 0p0_1p5707963267948966_cat4e  $1.59771^{+0.00000}_{-0.00000}$
total      0p0_1p5707963267948966_cat4e  $3.15715^{+0.00000}_{-0.00000}$
signal     0p0_1p5707963267948966_cat4mu  $3.61405^{+0.00000}_{-0.00000}$
qqzz       0p0_1p5707963267948966_cat4mu  $2.87024^{+0.00000}_{-0.00000}$
ggzz       0p0_1p5707963267948966_cat4mu  $0.34763^{+0.00000}_{-0.00000}$
zjets      0p0_1p5707963267948966_cat4mu  $0.71066^{+0.00000}_{-0.00000}$
background 0p0_1p5707963267948966_cat4mu  $3.92853^{+0.00000}_{-0.00000}$
total      0p0_1p5707963267948966_cat4mu  $7.57427^{+0.00000}_{-0.00000}$
signal     0p0_1p5707963267948966_cat2e2mu  $4.08028^{+0.00000}_{-0.00000}$
qqzz       0p0_1p5707963267948966_cat2e2mu  $3.05284^{+0.00000}_{-0.00000}$
ggzz       0p0_1p5707963267948966_cat2e2mu  $0.36498^{+0.00000}_{-0.00000}$
zjets      0p0_1p5707963267948966_cat2e2mu  $0.80776^{+0.00000}_{-0.00000}$
background 0p0_1p5707963267948966_cat2e2mu  $4.22559^{+0.00000}_{-0.00000}$
total      0p0_1p5707963267948966_cat2e2mu  $8.34064^{+0.00000}_{-0.00000}$

HALFPITOPI
signal     1p5707963267948966_3p14159265359_cat4e  $2.34529^{+0.00000}_{-0.00000}$
qqzz       1p5707963267948966_3p14159265359_cat4e  $1.27167^{+0.00000}_{-0.00000}$
ggzz       1p5707963267948966_3p14159265359_cat4e  $0.23431^{+0.00000}_{-0.00000}$
zjets      1p5707963267948966_3p14159265359_cat4e  $2.35635^{+0.00000}_{-0.00000}$
background 1p5707963267948966_3p14159265359_cat4e  $3.86232^{+0.00000}_{-0.00000}$
total      1p5707963267948966_3p14159265359_cat4e  $6.25144^{+0.00000}_{-0.00000}$
signal     1p5707963267948966_3p14159265359_cat4mu  $5.72014^{+0.00000}_{-0.00000}$
qqzz       1p5707963267948966_3p14159265359_cat4mu  $3.40212^{+0.00000}_{-0.00000}$
ggzz       1p5707963267948966_3p14159265359_cat4mu  $0.47996^{+0.00000}_{-0.00000}$
zjets      1p5707963267948966_3p14159265359_cat4mu  $3.86343^{+0.00000}_{-0.00000}$
background 1p5707963267948966_3p14159265359_cat4mu  $7.74551^{+0.00000}_{-0.00000}$
total      1p5707963267948966_3p14159265359_cat4mu  $13.50116^{+0.00000}_{-0.00000}$
signal     1p5707963267948966_3p14159265359_cat2e2mu  $6.84341^{+0.00000}_{-0.00000}$
qqzz       1p5707963267948966_3p14159265359_cat2e2mu  $3.63510^{+0.00000}_{-0.00000}$
ggzz       1p5707963267948966_3p14159265359_cat2e2mu  $0.51062^{+0.00000}_{-0.00000}$
zjets      1p5707963267948966_3p14159265359_cat2e2mu  $4.39876^{+0.00000}_{-0.00000}$
background 1p5707963267948966_3p14159265359_cat2e2mu  $8.54447^{+0.00000}_{-0.00000}$
total      1p5707963267948966_3p14159265359_cat2e2mu  $15.42998^{+0.00000}_{-0.00000}$
