UNDERFLOW
signal     m100p0_m3p14159265359_4e  $37.60290^{+0.00000}_{-0.00000}$
qqzz       m100p0_m3p14159265359_4e  $60.52239^{+0.00000}_{-0.00000}$
ggzz       m100p0_m3p14159265359_4e  $8.20510^{+0.00000}_{-0.00000}$
zjets      m100p0_m3p14159265359_4e  $39.00776^{+0.00000}_{-0.00000}$
background m100p0_m3p14159265359_4e  $107.73524^{+0.00000}_{-0.00000}$
total      m100p0_m3p14159265359_4e  $145.87924^{+0.00000}_{-0.00000}$
signal     m100p0_m3p14159265359_4mu  $97.71894^{+0.00000}_{-0.00000}$
qqzz       m100p0_m3p14159265359_4mu  $175.03475^{+0.00000}_{-0.00000}$
ggzz       m100p0_m3p14159265359_4mu  $20.87602^{+0.00000}_{-0.00000}$
zjets      m100p0_m3p14159265359_4mu  $39.00776^{+0.00000}_{-0.00000}$
background m100p0_m3p14159265359_4mu  $234.91853^{+0.00000}_{-0.00000}$
total      m100p0_m3p14159265359_4mu  $333.15984^{+0.00000}_{-0.00000}$
signal     m100p0_m3p14159265359_2e2mu  $107.76358^{+0.00000}_{-0.00000}$
qqzz       m100p0_m3p14159265359_2e2mu  $190.09591^{+0.00000}_{-0.00000}$
ggzz       m100p0_m3p14159265359_2e2mu  $19.01795^{+0.00000}_{-0.00000}$
zjets      m100p0_m3p14159265359_2e2mu  $39.00776^{+0.00000}_{-0.00000}$
background m100p0_m3p14159265359_2e2mu  $248.12162^{+0.00000}_{-0.00000}$
total      m100p0_m3p14159265359_2e2mu  $356.46829^{+0.00000}_{-0.00000}$


MINUSPITOMINUSHALFPI
signal     m3p14159265359_m1p5707963267948966_cat4e  $1.94287^{+0.00000}_{-0.00000}$
qqzz       m3p14159265359_m1p5707963267948966_cat4e  $1.09565^{+0.00000}_{-0.00000}$
ggzz       m3p14159265359_m1p5707963267948966_cat4e  $0.16126^{+0.00000}_{-0.00000}$
zjets      m3p14159265359_m1p5707963267948966_cat4e  $3.42136^{+0.00000}_{-0.00000}$
background m3p14159265359_m1p5707963267948966_cat4e  $4.67827^{+0.00000}_{-0.00000}$
total      m3p14159265359_m1p5707963267948966_cat4e  $6.66072^{+0.00000}_{-0.00000}$
signal     m3p14159265359_m1p5707963267948966_cat4mu  $4.86008^{+0.00000}_{-0.00000}$
qqzz       m3p14159265359_m1p5707963267948966_cat4mu  $2.87438^{+0.00000}_{-0.00000}$
ggzz       m3p14159265359_m1p5707963267948966_cat4mu  $0.34991^{+0.00000}_{-0.00000}$
zjets      m3p14159265359_m1p5707963267948966_cat4mu  $3.42136^{+0.00000}_{-0.00000}$
background m3p14159265359_m1p5707963267948966_cat4mu  $6.64566^{+0.00000}_{-0.00000}$
total      m3p14159265359_m1p5707963267948966_cat4mu  $11.53807^{+0.00000}_{-0.00000}$
signal     m3p14159265359_m1p5707963267948966_cat2e2mu  $5.41327^{+0.00000}_{-0.00000}$
qqzz       m3p14159265359_m1p5707963267948966_cat2e2mu  $2.94842^{+0.00000}_{-0.00000}$
ggzz       m3p14159265359_m1p5707963267948966_cat2e2mu  $0.41892^{+0.00000}_{-0.00000}$
zjets      m3p14159265359_m1p5707963267948966_cat2e2mu  $3.42136^{+0.00000}_{-0.00000}$
background m3p14159265359_m1p5707963267948966_cat2e2mu  $6.78870^{+0.00000}_{-0.00000}$
total      m3p14159265359_m1p5707963267948966_cat2e2mu  $12.24111^{+0.00000}_{-0.00000}$


MINUSHALFPITOZERO
signal     m1p5707963267948966_0p0_cat4e  $1.85008^{+0.00000}_{-0.00000}$
qqzz       m1p5707963267948966_0p0_cat4e  $0.91180^{+0.00000}_{-0.00000}$
ggzz       m1p5707963267948966_0p0_cat4e  $0.14010^{+0.00000}_{-0.00000}$
zjets      m1p5707963267948966_0p0_cat4e  $0.71834^{+0.00000}_{-0.00000}$
background m1p5707963267948966_0p0_cat4e  $1.77024^{+0.00000}_{-0.00000}$
total      m1p5707963267948966_0p0_cat4e  $3.65122^{+0.00000}_{-0.00000}$
signal     m1p5707963267948966_0p0_cat4mu  $4.55880^{+0.00000}_{-0.00000}$
qqzz       m1p5707963267948966_0p0_cat4mu  $2.51760^{+0.00000}_{-0.00000}$
ggzz       m1p5707963267948966_0p0_cat4mu  $0.31674^{+0.00000}_{-0.00000}$
zjets      m1p5707963267948966_0p0_cat4mu  $0.71834^{+0.00000}_{-0.00000}$
background m1p5707963267948966_0p0_cat4mu  $3.55269^{+0.00000}_{-0.00000}$
total      m1p5707963267948966_0p0_cat4mu  $8.13371^{+0.00000}_{-0.00000}$
signal     m1p5707963267948966_0p0_cat2e2mu  $5.07128^{+0.00000}_{-0.00000}$
qqzz       m1p5707963267948966_0p0_cat2e2mu  $2.45316^{+0.00000}_{-0.00000}$
ggzz       m1p5707963267948966_0p0_cat2e2mu  $0.34685^{+0.00000}_{-0.00000}$
zjets      m1p5707963267948966_0p0_cat2e2mu  $0.71834^{+0.00000}_{-0.00000}$
background m1p5707963267948966_0p0_cat2e2mu  $3.51835^{+0.00000}_{-0.00000}$
total      m1p5707963267948966_0p0_cat2e2mu  $8.62311^{+0.00000}_{-0.00000}$


ZEROTOHALFPI
signal     0p0_1p5707963267948966_cat4e  $1.88496^{+0.00000}_{-0.00000}$
qqzz       0p0_1p5707963267948966_cat4e  $0.88049^{+0.00000}_{-0.00000}$
ggzz       0p0_1p5707963267948966_cat4e  $0.14280^{+0.00000}_{-0.00000}$
zjets      0p0_1p5707963267948966_cat4e  $0.65918^{+0.00000}_{-0.00000}$
background 0p0_1p5707963267948966_cat4e  $1.68247^{+0.00000}_{-0.00000}$
total      0p0_1p5707963267948966_cat4e  $3.60228^{+0.00000}_{-0.00000}$
signal     0p0_1p5707963267948966_cat4mu  $4.40764^{+0.00000}_{-0.00000}$
qqzz       0p0_1p5707963267948966_cat4mu  $2.49830^{+0.00000}_{-0.00000}$
ggzz       0p0_1p5707963267948966_cat4mu  $0.29007^{+0.00000}_{-0.00000}$
zjets      0p0_1p5707963267948966_cat4mu  $0.65918^{+0.00000}_{-0.00000}$
background 0p0_1p5707963267948966_cat4mu  $3.44756^{+0.00000}_{-0.00000}$
total      0p0_1p5707963267948966_cat4mu  $7.88343^{+0.00000}_{-0.00000}$
signal     0p0_1p5707963267948966_cat2e2mu  $5.10887^{+0.00000}_{-0.00000}$
qqzz       0p0_1p5707963267948966_cat2e2mu  $2.49597^{+0.00000}_{-0.00000}$
ggzz       0p0_1p5707963267948966_cat2e2mu  $0.32039^{+0.00000}_{-0.00000}$
zjets      0p0_1p5707963267948966_cat2e2mu  $0.65918^{+0.00000}_{-0.00000}$
background 0p0_1p5707963267948966_cat2e2mu  $3.47555^{+0.00000}_{-0.00000}$
total      0p0_1p5707963267948966_cat2e2mu  $8.61568^{+0.00000}_{-0.00000}$


HALFPITOPI
signal     1p5707963267948966_3p14159265359_cat4e  $1.88466^{+0.00000}_{-0.00000}$
qqzz       1p5707963267948966_3p14159265359_cat4e  $1.05930^{+0.00000}_{-0.00000}$
ggzz       1p5707963267948966_3p14159265359_cat4e  $0.17884^{+0.00000}_{-0.00000}$
zjets      1p5707963267948966_3p14159265359_cat4e  $3.57426^{+0.00000}_{-0.00000}$
background 1p5707963267948966_3p14159265359_cat4e  $4.81240^{+0.00000}_{-0.00000}$
total      1p5707963267948966_3p14159265359_cat4e  $6.73482^{+0.00000}_{-0.00000}$
signal     1p5707963267948966_3p14159265359_cat4mu  $4.69792^{+0.00000}_{-0.00000}$
qqzz       1p5707963267948966_3p14159265359_cat4mu  $2.89670^{+0.00000}_{-0.00000}$
ggzz       1p5707963267948966_3p14159265359_cat4mu  $0.39967^{+0.00000}_{-0.00000}$
zjets      1p5707963267948966_3p14159265359_cat4mu  $3.57426^{+0.00000}_{-0.00000}$
background 1p5707963267948966_3p14159265359_cat4mu  $6.87063^{+0.00000}_{-0.00000}$
total      1p5707963267948966_3p14159265359_cat4mu  $11.60183^{+0.00000}_{-0.00000}$
signal     1p5707963267948966_3p14159265359_cat2e2mu  $5.39133^{+0.00000}_{-0.00000}$
qqzz       1p5707963267948966_3p14159265359_cat2e2mu  $2.99344^{+0.00000}_{-0.00000}$
ggzz       1p5707963267948966_3p14159265359_cat2e2mu  $0.41929^{+0.00000}_{-0.00000}$
zjets      1p5707963267948966_3p14159265359_cat2e2mu  $3.57426^{+0.00000}_{-0.00000}$
background 1p5707963267948966_3p14159265359_cat2e2mu  $6.98699^{+0.00000}_{-0.00000}$
total      1p5707963267948966_3p14159265359_cat2e2mu  $12.41560^{+0.00000}_{-0.00000}$
