UNDERFLOW
signal     m100p0_m3p14159265359_4e  $37.60290^{+0.00000}_{-0.00000}$
qqzz       m100p0_m3p14159265359_4e  $60.52239^{+0.00000}_{-0.00000}$
ggzz       m100p0_m3p14159265359_4e  $8.20510^{+0.00000}_{-0.00000}$
zjets      m100p0_m3p14159265359_4e  $3.14536^{+0.00000}_{-0.00000}$
background m100p0_m3p14159265359_4e  $71.87285^{+0.00000}_{-0.00000}$
total      m100p0_m3p14159265359_4e  $109.99030^{+0.00000}_{-0.00000}$
signal     m100p0_m3p14159265359_4mu  $97.71894^{+0.00000}_{-0.00000}$
qqzz       m100p0_m3p14159265359_4mu  $175.03475^{+0.00000}_{-0.00000}$
ggzz       m100p0_m3p14159265359_4mu  $20.87602^{+0.00000}_{-0.00000}$
zjets      m100p0_m3p14159265359_4mu  $39.00776^{+0.00000}_{-0.00000}$
background m100p0_m3p14159265359_4mu  $234.91853^{+0.00000}_{-0.00000}$
total      m100p0_m3p14159265359_4mu  $333.13597^{+0.00000}_{-0.00000}$
signal     m100p0_m3p14159265359_2e2mu  $107.76358^{+0.00000}_{-0.00000}$
qqzz       m100p0_m3p14159265359_2e2mu  $190.09591^{+0.00000}_{-0.00000}$
ggzz       m100p0_m3p14159265359_2e2mu  $19.01795^{+0.00000}_{-0.00000}$
zjets      m100p0_m3p14159265359_2e2mu  $27.65152^{+0.00000}_{-0.00000}$
background m100p0_m3p14159265359_2e2mu  $236.76538^{+0.00000}_{-0.00000}$
total      m100p0_m3p14159265359_2e2mu  $345.08775^{+0.00000}_{-0.00000}$

MINUSPITOMINUSHALFPI
signal     m3p14159265359_m1p5707963267948966_cat4e  $1.94287^{+0.00000}_{-0.00000}$
qqzz       m3p14159265359_m1p5707963267948966_cat4e  $1.09565^{+0.00000}_{-0.00000}$
ggzz       m3p14159265359_m1p5707963267948966_cat4e  $0.16126^{+0.00000}_{-0.00000}$
zjets      m3p14159265359_m1p5707963267948966_cat4e  $4.71189^{+0.00000}_{-0.00000}$
background m3p14159265359_m1p5707963267948966_cat4e  $5.96880^{+0.00000}_{-0.00000}$
total      m3p14159265359_m1p5707963267948966_cat4e  $7.94947^{+0.00000}_{-0.00000}$
signal     m3p14159265359_m1p5707963267948966_cat4mu  $4.86008^{+0.00000}_{-0.00000}$
qqzz       m3p14159265359_m1p5707963267948966_cat4mu  $2.87438^{+0.00000}_{-0.00000}$
ggzz       m3p14159265359_m1p5707963267948966_cat4mu  $0.34991^{+0.00000}_{-0.00000}$
zjets      m3p14159265359_m1p5707963267948966_cat4mu  $25.51396^{+0.00000}_{-0.00000}$
background m3p14159265359_m1p5707963267948966_cat4mu  $28.73826^{+0.00000}_{-0.00000}$
total      m3p14159265359_m1p5707963267948966_cat4mu  $33.62964^{+0.00000}_{-0.00000}$
signal     m3p14159265359_m1p5707963267948966_cat2e2mu  $5.41327^{+0.00000}_{-0.00000}$
qqzz       m3p14159265359_m1p5707963267948966_cat2e2mu  $2.94842^{+0.00000}_{-0.00000}$
ggzz       m3p14159265359_m1p5707963267948966_cat2e2mu  $0.41892^{+0.00000}_{-0.00000}$
zjets      m3p14159265359_m1p5707963267948966_cat2e2mu  $24.97200^{+0.00000}_{-0.00000}$
background m3p14159265359_m1p5707963267948966_cat2e2mu  $28.33934^{+0.00000}_{-0.00000}$
total      m3p14159265359_m1p5707963267948966_cat2e2mu  $33.79034^{+0.00000}_{-0.00000}$

MINUSHALFPITOZERO
signal     m1p5707963267948966_0p0_cat4e  $1.85008^{+0.00000}_{-0.00000}$
qqzz       m1p5707963267948966_0p0_cat4e  $0.91180^{+0.00000}_{-0.00000}$
ggzz       m1p5707963267948966_0p0_cat4e  $0.14010^{+0.00000}_{-0.00000}$
zjets      m1p5707963267948966_0p0_cat4e  $1.00108^{+0.00000}_{-0.00000}$
background m1p5707963267948966_0p0_cat4e  $2.05298^{+0.00000}_{-0.00000}$
total      m1p5707963267948966_0p0_cat4e  $3.93267^{+0.00000}_{-0.00000}$
signal     m1p5707963267948966_0p0_cat4mu  $4.55880^{+0.00000}_{-0.00000}$
qqzz       m1p5707963267948966_0p0_cat4mu  $2.51760^{+0.00000}_{-0.00000}$
ggzz       m1p5707963267948966_0p0_cat4mu  $0.31674^{+0.00000}_{-0.00000}$
zjets      m1p5707963267948966_0p0_cat4mu  $5.39978^{+0.00000}_{-0.00000}$
background m1p5707963267948966_0p0_cat4mu  $8.23412^{+0.00000}_{-0.00000}$
total      m1p5707963267948966_0p0_cat4mu  $12.81434^{+0.00000}_{-0.00000}$
signal     m1p5707963267948966_0p0_cat2e2mu  $5.07128^{+0.00000}_{-0.00000}$
qqzz       m1p5707963267948966_0p0_cat2e2mu  $2.45316^{+0.00000}_{-0.00000}$
ggzz       m1p5707963267948966_0p0_cat2e2mu  $0.34685^{+0.00000}_{-0.00000}$
zjets      m1p5707963267948966_0p0_cat2e2mu  $6.43041^{+0.00000}_{-0.00000}$
background m1p5707963267948966_0p0_cat2e2mu  $9.23041^{+0.00000}_{-0.00000}$
total      m1p5707963267948966_0p0_cat2e2mu  $14.33415^{+0.00000}_{-0.00000}$

ZEROTOHALFPI
signal     0p0_1p5707963267948966_cat4e  $1.88496^{+0.00000}_{-0.00000}$
qqzz       0p0_1p5707963267948966_cat4e  $0.88049^{+0.00000}_{-0.00000}$
ggzz       0p0_1p5707963267948966_cat4e  $0.14280^{+0.00000}_{-0.00000}$
zjets      0p0_1p5707963267948966_cat4e  $1.04811^{+0.00000}_{-0.00000}$
background 0p0_1p5707963267948966_cat4e  $2.07139^{+0.00000}_{-0.00000}$
total      0p0_1p5707963267948966_cat4e  $3.99023^{+0.00000}_{-0.00000}$
signal     0p0_1p5707963267948966_cat4mu  $4.40764^{+0.00000}_{-0.00000}$
qqzz       0p0_1p5707963267948966_cat4mu  $2.49830^{+0.00000}_{-0.00000}$
ggzz       0p0_1p5707963267948966_cat4mu  $0.29007^{+0.00000}_{-0.00000}$
zjets      0p0_1p5707963267948966_cat4mu  $4.97178^{+0.00000}_{-0.00000}$
background 0p0_1p5707963267948966_cat4mu  $7.76016^{+0.00000}_{-0.00000}$
total      0p0_1p5707963267948966_cat4mu  $12.19514^{+0.00000}_{-0.00000}$
signal     0p0_1p5707963267948966_cat2e2mu  $5.10887^{+0.00000}_{-0.00000}$
qqzz       0p0_1p5707963267948966_cat2e2mu  $2.49597^{+0.00000}_{-0.00000}$
ggzz       0p0_1p5707963267948966_cat2e2mu  $0.32039^{+0.00000}_{-0.00000}$
zjets      0p0_1p5707963267948966_cat2e2mu  $6.10684^{+0.00000}_{-0.00000}$
background 0p0_1p5707963267948966_cat2e2mu  $8.92321^{+0.00000}_{-0.00000}$
total      0p0_1p5707963267948966_cat2e2mu  $14.06229^{+0.00000}_{-0.00000}$

HALFPITOPI
signal     1p5707963267948966_3p14159265359_cat4e  $1.88466^{+0.00000}_{-0.00000}$
qqzz       1p5707963267948966_3p14159265359_cat4e  $1.05930^{+0.00000}_{-0.00000}$
ggzz       1p5707963267948966_3p14159265359_cat4e  $0.17884^{+0.00000}_{-0.00000}$
zjets      1p5707963267948966_3p14159265359_cat4e  $4.65507^{+0.00000}_{-0.00000}$
background 1p5707963267948966_3p14159265359_cat4e  $5.89321^{+0.00000}_{-0.00000}$
total      1p5707963267948966_3p14159265359_cat4e  $7.81419^{+0.00000}_{-0.00000}$
signal     1p5707963267948966_3p14159265359_cat4mu  $4.69792^{+0.00000}_{-0.00000}$
qqzz       1p5707963267948966_3p14159265359_cat4mu  $2.89670^{+0.00000}_{-0.00000}$
ggzz       1p5707963267948966_3p14159265359_cat4mu  $0.39967^{+0.00000}_{-0.00000}$
zjets      1p5707963267948966_3p14159265359_cat4mu  $26.90243^{+0.00000}_{-0.00000}$
background 1p5707963267948966_3p14159265359_cat4mu  $30.19880^{+0.00000}_{-0.00000}$
total      1p5707963267948966_3p14159265359_cat4mu  $34.92902^{+0.00000}_{-0.00000}$
signal     1p5707963267948966_3p14159265359_cat2e2mu  $5.39133^{+0.00000}_{-0.00000}$
qqzz       1p5707963267948966_3p14159265359_cat2e2mu  $2.99344^{+0.00000}_{-0.00000}$
ggzz       1p5707963267948966_3p14159265359_cat2e2mu  $0.41929^{+0.00000}_{-0.00000}$
zjets      1p5707963267948966_3p14159265359_cat2e2mu  $25.92668^{+0.00000}_{-0.00000}$
background 1p5707963267948966_3p14159265359_cat2e2mu  $29.33941^{+0.00000}_{-0.00000}$
total      1p5707963267948966_3p14159265359_cat2e2mu  $34.76669^{+0.00000}_{-0.00000}$
